<?xml version="1.0" encoding="UTF-8"?>
<testsuite xmlns:xsi="http://www.w3.org/2001/XMLSchema-instance" xsi:noNamespaceSchemaLocation="https://maven.apache.org/surefire/maven-surefire-plugin/xsd/surefire-test-report-3.0.xsd" version="3.0" name="coffee.InventoryTest" time="0.067" tests="12" errors="0" skipped="0" failures="2">
  <properties>
[...]
</properties>
  <testcase name="testAddInvalidSugar" classname="coffee.InventoryTest" time="0.003">
    <failure message="Expected coffee.exceptions.InventoryException to be thrown, but nothing was thrown." type="org.opentest4j.AssertionFailedError"><![CDATA[org.opentest4j.AssertionFailedError: Expected coffee.exceptions.InventoryException to be thrown, but nothing was thrown.
	at org.junit.jupiter.api.AssertionFailureBuilder.build(AssertionFailureBuilder.java:152)
	at org.junit.jupiter.api.AssertThrows.assertThrows(AssertThrows.java:73)
	at org.junit.jupiter.api.AssertThrows.assertThrows(AssertThrows.java:35)
	at org.junit.jupiter.api.Assertions.assertThrows(Assertions.java:3111)
	at coffee.InventoryTest.testAddInvalidSugar(InventoryTest.java:74)
	at java.base/java.lang.reflect.Method.invoke(Method.java:580)
	at java.base/java.util.ArrayList.forEach(ArrayList.java:1596)
	at java.base/java.util.ArrayList.forEach(ArrayList.java:1596)
]]></failure>
  </testcase>
  <testcase name="testUseIngredientsFailure" classname="coffee.InventoryTest" time="0.002"/>
  <testcase name="testAddInvalidChocolate" classname="coffee.InventoryTest" time="0.004"/>
  <testcase name="testAddInvalidMilk" classname="coffee.InventoryTest" time="0.002"/>
  <testcase name="testAddMilk" classname="coffee.InventoryTest" time="0.001"/>
  <testcase name="testToString" classname="coffee.InventoryTest" time="0.001"/>
  <testcase name="testAddSugar" classname="coffee.InventoryTest" time="0.001">
    <failure message="InventoryException should not be thrown" type="org.opentest4j.AssertionFailedError"><![CDATA[org.opentest4j.AssertionFailedError: InventoryException should not be thrown
	at org.junit.jupiter.api.AssertionUtils.fail(AssertionUtils.java:38)
	at org.junit.jupiter.api.Assertions.fail(Assertions.java:134)
	at coffee.InventoryTest.testAddSugar(InventoryTest.java:68)
	at java.base/java.lang.reflect.Method.invoke(Method.java:580)
	at java.base/java.util.ArrayList.forEach(ArrayList.java:1596)
	at java.base/java.util.ArrayList.forEach(ArrayList.java:1596)
]]></failure>
  </testcase>
  <testcase name="testAddCoffee" classname="coffee.InventoryTest" time="0.001"/>
  <testcase name="testInitialInventory" classname="coffee.InventoryTest" time="0.002"/>
  <testcase name="testAddInvalidCoffee" classname="coffee.InventoryTest" time="0.003"/>
  <testcase name="testAddChocolate" classname="coffee.InventoryTest" time="0.014"/>
  <testcase name="testUseIngredientsSuccess" classname="coffee.InventoryTest" time="0.002"/>
</testsuite>